2018-05-11 08:23:54 Error: [PDOException] SQLSTATE[HY000] [1045] Access denied for user 'my_app'@'localhost' (using password: YES) in /var/www/html/nihoncs/vendor/cakephp/cakephp/src/Database/Driver.php on line 92
Stack Trace:
#0 /var/www/html/nihoncs/vendor/cakephp/cakephp/src/Database/Driver.php(92): PDO->__construct('mysql:host=loca...', 'my_app', 'secret', Array)
#1 /var/www/html/nihoncs/vendor/cakephp/cakephp/src/Database/Driver/Mysql.php(103): Cake\Database\Driver->_connect('mysql:host=loca...', Array)
#2 /var/www/html/nihoncs/vendor/cakephp/cakephp/src/Database/Schema/BaseSchema.php(45): Cake\Database\Driver\Mysql->connect()
#3 /var/www/html/nihoncs/vendor/cakephp/cakephp/src/Database/Dialect/MysqlDialectTrait.php(63): Cake\Database\Schema\BaseSchema->__construct(Object(Cake\Database\Driver\Mysql))
#4 /var/www/html/nihoncs/vendor/cakephp/cakephp/src/Database/Schema/Collection.php(52): Cake\Database\Driver\Mysql->schemaDialect()
#5 /var/www/html/nihoncs/vendor/cakephp/cakephp/src/Database/Schema/CachedCollection.php(42): Cake\Database\Schema\Collection->__construct(Object(Cake\Database\Connection))
#6 /var/www/html/nihoncs/vendor/cakephp/cakephp/src/Database/Connection.php(391): Cake\Database\Schema\CachedCollection->__construct(Object(Cake\Database\Connection), true)
#7 /var/www/html/nihoncs/vendor/cakephp/bake/src/Shell/Task/ModelTask.php(1034): Cake\Database\Connection->getSchemaCollection()
#8 /var/www/html/nihoncs/vendor/cakephp/bake/src/Shell/Task/ModelTask.php(988): Bake\Shell\Task\ModelTask->_getAllTables()
#9 /var/www/html/nihoncs/vendor/cakephp/bake/src/Shell/Task/ModelTask.php(212): Bake\Shell\Task\ModelTask->listAll()
#10 /var/www/html/nihoncs/vendor/cakephp/bake/src/Shell/Task/ModelTask.php(130): Bake\Shell\Task\ModelTask->getAssociations(Object(Cake\ORM\Table))
#11 /var/www/html/nihoncs/vendor/cakephp/bake/src/Shell/Task/ModelTask.php(113): Bake\Shell\Task\ModelTask->getTableContext(Object(Cake\ORM\Table), 'test', 'Test')
#12 /var/www/html/nihoncs/vendor/cakephp/bake/src/Shell/Task/ModelTask.php(100): Bake\Shell\Task\ModelTask->bake('Test')
#13 /var/www/html/nihoncs/vendor/cakephp/cakephp/src/Console/Shell.php(532): Bake\Shell\Task\ModelTask->main('Test')
#14 /var/www/html/nihoncs/vendor/cakephp/cakephp/src/Console/Shell.php(525): Cake\Console\Shell->runCommand(Array, false, Array)
#15 /var/www/html/nihoncs/vendor/cakephp/cakephp/src/Console/CommandRunner.php(339): Cake\Console\Shell->runCommand(Array, true)
#16 /var/www/html/nihoncs/vendor/cakephp/cakephp/src/Console/CommandRunner.php(161): Cake\Console\CommandRunner->runShell(Object(Bake\Shell\BakeShell), Array)
#17 /var/www/html/nihoncs/bin/cake.php(12): Cake\Console\CommandRunner->run(Array)
#18 {main}


